-117
-951866682
5465306407
57799
-72232268
6890432163
1903044118
27726756
596
-5408947
5059837624
-1237467161
-1588063304
72324
-9276034
-8408
-6381201386
328
-437584
4404807418
215185
5714789
-282871
845950763
-35488805
7914005878
2634438423
2114556301
943779862
-17681531
-18505822
-5518110
9840250358
-259122
303543
73498242
3809226
-8987819
29430
78
-5361086749
-3204750047
43292
-90160824
8177321675
6702674859
7969908169
-291
688425221
-1342446944
167204
-41625
53321118
-612217606
-90
-81542993
48662966
-534571
-980579127
-434518087
-803271
9757228135
-1213372301
7445514258
-228086355
-4823052933
-143679753
-83036
-2538798588
-6492403
133894831
-8911881
5956255452
392917110
-12306367
-7306206225
4328
631212554
-16
-9240881773
-1757886
18701
8757
5252825
645
5624922257
3906327869
-14024009
-6283026932
588
4198940338
2412722083
372702
128697825
703
6382620
-273470253
40886861
5119867077
-16293
-741473011
66830
104
-370002776
-854491771
-39453
-511290569
25183182
68336410
-1491826416
-3129022
-992699505
3274
-2526593090
105583
7127
-56
-732827
792207606
-44507
38766
4177
-6028449
6683065625
19936845
4401284
349859
704363442
-4783
-9996541499
2858892144
76460
-686664
-5521773
5095563991
-5463
84
60170956
570
1718
-2275062994
2607
6049461712
5450213021
-775378
-73927
-4654858774
2
-57039
66461612
-64979
9166391243
-895729
-862810259
-1562684508
-9152183
353049134
-661314
67370
36886112
-38293318
414283994
1187133923
2377334
-3066356348
87550575
5708
-4190185623
39300965
-516991316
434667192
587
-970365251
32428504
49845759
-14487
-69993257
20
-18458
793460869
52
73811320
3227417
-91065
81818714
-1405266832
-6159222804
169
161494687
-8923536
130523981
693
-7
319678
830990407
8465
834942
6630238
-2282315938
-6133588727
33575
403637643
-10
-82317
-6759208304
-725029828
-788570961
-32137668
199506294
768
77067
-52312620
-79426
-7042728526
-786293640
4594
-406505
9140
-864803138
-3222
-226063219
-159286789
-749971045
3441362246
-6579580801
-3329423124
-10407179
-1708
678965
77136640
-4231
963580809
-139534110
-56791
-7169087
-1701340
-3705985141
-4296993
-48046125
-84893854
-3453
5109036219
5685345175
6710776358
-877282
-6664630659
-90866975
62
774499797
9753034134
3061775853
5703226193
857950
10302722
105365
67284760
-2632
-306435032
264658
-942618
-140
90645704
460938
-17273863
902850256
-42671617
21734851
16632
7478392585
7407
280688430
-9773
-22187573
-872663
-4922351902
1443390
1914223
-385614786
-921460714
-634206
581286556
4985489
7052173
303102
-57031214
-609607
-359
-11074638513
-99257425
323396927
1673
2017389
-1919210
-8078658
-599902811
199
340135
840398
17613145
8368962
-914958
39102332
-460251883
96935122
1980
98049430
-795208272
495180925
918
-46412349
27320101
9938594
-4843121
-1353232
621973
227261617
47310
1791306
-8140702
-1826994
-281654
429461
395494
97545445
252719503
-1432
-15788307961
-78451285
-1397047682
60674220
2429554345
129753896
-810222
4146
5559909237
2363816375
-25216
-539140559
438260507
78531584
5506146357
8409
-778385
-742885
-1534
-379500371
3517144750
7262749
-438
89392587
7666350221
-2869843149
-4885957427
-2520454
-579
653
-2921452
-5792063
-993977323
40
42139
205913590
-6065
7853886512
-572
-976365
-86148
-3275952
923254365
551942484
77827
508954346
-4150
702112764
-5615030
3139307
-7537420
-87352495
36630074
405064
-4444117716
-6251772
-39911
-28224858
23149782
-9219392005
8179866
-6636516034
976918244
579458209
-1429371884
276927959
-7117577
-70286
-877
626
-553002803
66215388
2668694
-1598
-21995
5973803665
279436364
-27158400
-9387019672
-325880
47220
2260
21499980
-4309467039
43
322864289
-6205131404
83364911
9189248668
87
4786
-607883841
-96900
89620986
33827444
-4021787969
845790
-3
-264330
72149910
-12508032
55976
64622055
-8864846064
-656
-46093
45854
65524
-431
43938
57411329
6690908
2272455967
9082805820
-2568978229
8001
815591029
-87708826
-586909
61238
180527630
7315347099
32132
-68043
-31318
-21943858
91618300
2083871601
27822
9709173419
9055715
-9589468230
494263
8440
-39
5104268
348666623
-8092991
-693547583
241060777
10503745172
2264690
5382865763
-803810
282616359
3465425
58559927
3384262000
-446194457
-954804405
-742386514
31
-2350727510
-4473
7150795
3383265
-848079730
6634849093
676387
-6166
9
-7062769848
-67629313
-6413873
-1779811460
9615088965
-408804814
-550500
-926
2120940
-93082572
-949
-27956534
6769
